-------------------------------------------------------------------------------
Test set: com.miamioh.RideSharingClient.RideSharingClientApplicationTests
-------------------------------------------------------------------------------
Tests run: 1, Failures: 0, Errors: 1, Skipped: 0, Time elapsed: 0.266 s <<< FAILURE! - in com.miamioh.RideSharingClient.RideSharingClientApplicationTests
initializationError(com.miamioh.RideSharingClient.RideSharingClientApplicationTests)  Time elapsed: 0.004 s  <<< ERROR!
java.lang.IllegalStateException: Unable to find a @SpringBootConfiguration, you need to use @ContextConfiguration or @SpringBootTest(classes=...) with your test

