<?xml version="1.0" encoding="UTF-8"?>
<testsuite xmlns:xsi="http://www.w3.org/2001/XMLSchema-instance" xsi:noNamespaceSchemaLocation="https://maven.apache.org/surefire/maven-surefire-plugin/xsd/surefire-test-report.xsd" name="com.miamioh.RideSharingClient.RideSharingClientApplicationTests" time="0.266" tests="1" errors="1" skipped="0" failures="0">
  <properties>
[...]
</properties>
  <testcase name="initializationError" classname="com.miamioh.RideSharingClient.RideSharingClientApplicationTests" time="0.004">
    <error message="Unable to find a @SpringBootConfiguration, you need to use @ContextConfiguration or @SpringBootTest(classes=...) with your test" type="java.lang.IllegalStateException">java.lang.IllegalStateException: Unable to find a @SpringBootConfiguration, you need to use @ContextConfiguration or @SpringBootTest(classes=...) with your test
</error>
    <system-out><![CDATA[15:37:30.023 [main] DEBUG org.springframework.test.context.junit4.SpringJUnit4ClassRunner - SpringJUnit4ClassRunner constructor called with [class com.miamioh.RideSharingClient.RideSharingClientApplicationTests]
15:37:30.028 [main] DEBUG org.springframework.test.context.BootstrapUtils - Instantiating CacheAwareContextLoaderDelegate from class [org.springframework.test.context.cache.DefaultCacheAwareContextLoaderDelegate]
15:37:30.034 [main] DEBUG org.springframework.test.context.BootstrapUtils - Instantiating BootstrapContext using constructor [public org.springframework.test.context.support.DefaultBootstrapContext(java.lang.Class,org.springframework.test.context.CacheAwareContextLoaderDelegate)]
15:37:30.048 [main] DEBUG org.springframework.test.context.BootstrapUtils - Instantiating TestContextBootstrapper for test class [com.miamioh.RideSharingClient.RideSharingClientApplicationTests] from class [org.springframework.boot.test.context.SpringBootTestContextBootstrapper]
15:37:30.058 [main] INFO org.springframework.boot.test.context.SpringBootTestContextBootstrapper - Neither @ContextConfiguration nor @ContextHierarchy found for test class [com.miamioh.RideSharingClient.RideSharingClientApplicationTests], using SpringBootContextLoader
15:37:30.060 [main] DEBUG org.springframework.test.context.support.AbstractContextLoader - Did not detect default resource location for test class [com.miamioh.RideSharingClient.RideSharingClientApplicationTests]: class path resource [com/miamioh/RideSharingClient/RideSharingClientApplicationTests-context.xml] does not exist
15:37:30.061 [main] DEBUG org.springframework.test.context.support.AbstractContextLoader - Did not detect default resource location for test class [com.miamioh.RideSharingClient.RideSharingClientApplicationTests]: class path resource [com/miamioh/RideSharingClient/RideSharingClientApplicationTestsContext.groovy] does not exist
15:37:30.061 [main] INFO org.springframework.test.context.support.AbstractContextLoader - Could not detect default resource locations for test class [com.miamioh.RideSharingClient.RideSharingClientApplicationTests]: no resource found for suffixes {-context.xml, Context.groovy}.
15:37:30.062 [main] INFO org.springframework.test.context.support.AnnotationConfigContextLoaderUtils - Could not detect default configuration classes for test class [com.miamioh.RideSharingClient.RideSharingClientApplicationTests]: RideSharingClientApplicationTests does not declare any static, non-private, non-final, nested classes annotated with @Configuration.
15:37:30.092 [main] DEBUG org.springframework.test.context.support.ActiveProfilesUtils - Could not find an 'annotation declaring class' for annotation type [org.springframework.test.context.ActiveProfiles] and class [com.miamioh.RideSharingClient.RideSharingClientApplicationTests]
]]></system-out>
  </testcase>
</testsuite>